<?xml version="1.0" encoding="UTF-8"?>
<!-- Generated by org.testng.reporters.JUnitReportReporter -->
<testsuite hostname="DESKTOP-H6DSMGS" failures="0" tests="13" name="com.TestNG.NewTest" time="0.022" errors="0" timestamp="2021-08-05T14:40:34 EDT" skipped="1">
  <testcase classname="com.TestNG.NewTest" name="TestCase3" time="0.005"/>
  <system-out/>
  <testcase classname="com.TestNG.NewTest" name="TestCase3" time="0.001"/>
  <system-out/>
  <testcase classname="com.TestNG.NewTest" name="TestCase3" time="0.002"/>
  <system-out/>
  <testcase classname="com.TestNG.NewTest" name="TestCase2" time="0.002"/>
  <system-out/>
  <testcase classname="com.TestNG.NewTest" name="TestCase2" time="0.001"/>
  <system-out/>
  <testcase classname="com.TestNG.NewTest" name="TestCase2" time="0.001"/>
  <system-out/>
  <testcase classname="com.TestNG.NewTest" name="TestCase5" time="0.002"/>
  <system-out/>
  <testcase classname="com.TestNG.NewTest" name="TestCase2" time="0.001"/>
  <system-out/>
  <testcase classname="com.TestNG.NewTest" name="TestCase5" time="0.002"/>
  <system-out/>
  <testcase classname="com.TestNG.NewTest" name="abcTestCase7" time="0.002"/>
  <system-out/>
  <testcase classname="com.TestNG.NewTest" name="TestCase4" time="0.001"/>
  <system-out/>
  <testcase classname="com.TestNG.NewTest" name="TestCase1" time="0.002"/>
  <system-out/>
  <testcase classname="com.TestNG.NewTest" name="TestCase6">
    <skipped/>
  </testcase> <!-- TestCase6 -->
  <system-out/>
</testsuite> <!-- com.TestNG.NewTest -->
