<?xml version="1.0" encoding="UTF-8"?>
<!-- Generated by org.testng.reporters.JUnitReportReporter -->
<testsuite hostname="DESKTOP-H6DSMGS" failures="0" tests="1" name="learning2.NewTest" time="2.573" errors="0" timestamp="2021-08-13T21:33:55 EDT" skipped="0">
  <testcase classname="learning2.NewTest" name="test3" time="2.573"/>
  <system-out/>
</testsuite> <!-- learning2.NewTest -->
